<?xml version="1.0" encoding="UTF-8"?>
<testsuite name="com.sk.web.EncryptTest" tests="1" skipped="0" failures="0" errors="0" timestamp="2021-07-20T15:03:53" hostname="DESKTOP-F6M0QCO" time="0.074">
  <properties/>
  <testcase name="contextLoads" classname="com.sk.web.EncryptTest" time="0.074"/>
  <system-out><![CDATA[23:03:42.486 [Test worker] INFO  org.springframework.boot.test.context.SpringBootTestContextBootstrapper - Neither @ContextConfiguration nor @ContextHierarchy found for test class [com.sk.web.EncryptTest], using SpringBootContextLoader
23:03:42.500 [Test worker] INFO  org.springframework.test.context.support.AbstractContextLoader - Could not detect default resource locations for test class [com.sk.web.EncryptTest]: no resource found for suffixes {-context.xml, Context.groovy}.
23:03:42.501 [Test worker] INFO  org.springframework.test.context.support.AnnotationConfigContextLoaderUtils - Could not detect default configuration classes for test class [com.sk.web.EncryptTest]: EncryptTest does not declare any static, non-private, non-final, nested classes annotated with @Configuration.
23:03:42.663 [Test worker] INFO  org.springframework.boot.test.context.SpringBootTestContextBootstrapper - Found @SpringBootConfiguration com.sk.ServerSpringbootApplication for test class com.sk.web.EncryptTest
23:03:42.809 [Test worker] INFO  org.springframework.boot.test.context.SpringBootTestContextBootstrapper - Loaded default TestExecutionListener class names from location [META-INF/spring.factories]: [org.springframework.boot.test.autoconfigure.restdocs.RestDocsTestExecutionListener, org.springframework.boot.test.autoconfigure.web.client.MockRestServiceServerResetTestExecutionListener, org.springframework.boot.test.autoconfigure.web.servlet.MockMvcPrintOnlyOnFailureTestExecutionListener, org.springframework.boot.test.autoconfigure.web.servlet.WebDriverTestExecutionListener, org.springframework.boot.test.mock.mockito.MockitoTestExecutionListener, org.springframework.boot.test.mock.mockito.ResetMocksTestExecutionListener, org.springframework.test.context.web.ServletTestExecutionListener, org.springframework.test.context.support.DirtiesContextBeforeModesTestExecutionListener, org.springframework.test.context.support.DependencyInjectionTestExecutionListener, org.springframework.test.context.support.DirtiesContextTestExecutionListener, org.springframework.test.context.transaction.TransactionalTestExecutionListener, org.springframework.test.context.jdbc.SqlScriptsTestExecutionListener]
23:03:42.836 [Test worker] INFO  org.springframework.boot.test.context.SpringBootTestContextBootstrapper - Using TestExecutionListeners: [org.springframework.test.context.web.ServletTestExecutionListener@1f8f1ad9, org.springframework.test.context.support.DirtiesContextBeforeModesTestExecutionListener@2c0d1d15, org.springframework.boot.test.mock.mockito.MockitoTestExecutionListener@54679c03, org.springframework.boot.test.autoconfigure.SpringBootDependencyInjectionTestExecutionListener@33080abe, org.springframework.test.context.support.DirtiesContextTestExecutionListener@54b697d4, org.springframework.test.context.transaction.TransactionalTestExecutionListener@1097cde2, org.springframework.test.context.jdbc.SqlScriptsTestExecutionListener@78f8dc77, org.springframework.boot.test.autoconfigure.restdocs.RestDocsTestExecutionListener@b56742c, org.springframework.boot.test.autoconfigure.web.client.MockRestServiceServerResetTestExecutionListener@6bbe5aa5, org.springframework.boot.test.autoconfigure.web.servlet.MockMvcPrintOnlyOnFailureTestExecutionListener@456872ed, org.springframework.boot.test.autoconfigure.web.servlet.WebDriverTestExecutionListener@7bcd0553, org.springframework.boot.test.mock.mockito.ResetMocksTestExecutionListener@4302f912]

  .   ____          _            __ _ _
 /\\ / ___'_ __ _ _(_)_ __  __ _ \ \ \ \
( ( )\___ | '_ | '_| | '_ \/ _` | \ \ \ \
 \\/  ___)| |_)| | | | | || (_| |  ) ) ) )
  '  |____| .__|_| |_|_| |_\__, | / / / /
 =========|_|==============|___/=/_/_/_/
 :: Spring Boot ::        (v2.1.2.RELEASE)

23:03:43.327 [Test worker] INFO  com.sk.web.EncryptTest - Starting EncryptTest on DESKTOP-F6M0QCO with PID 15684 (started by jinsh in D:\work\stone\api-server\api-web)
23:03:43.328 [Test worker] INFO  com.sk.web.EncryptTest - The following profiles are active: dev
23:03:45.025 [Test worker] WARN  org.mybatis.spring.mapper.ClassPathMapperScanner - No MyBatis mapper was found in '[com.sk]' package. Please check your configuration.
23:03:45.097 [Test worker] INFO  org.springframework.data.repository.config.RepositoryConfigurationDelegate - Bootstrapping Spring Data repositories in DEFAULT mode.
23:03:45.162 [Test worker] INFO  org.springframework.data.repository.config.RepositoryConfigurationDelegate - Finished Spring Data repository scanning in 54ms. Found 0 repository interfaces.
23:03:45.607 [Test worker] INFO  com.ulisesbocchio.jasyptspringboot.configuration.EnableEncryptablePropertiesBeanFactoryPostProcessor - Post-processing PropertySource instances
23:03:45.720 [Test worker] INFO  com.ulisesbocchio.jasyptspringboot.EncryptablePropertySourceConverter - Converting PropertySource configurationProperties [org.springframework.boot.context.properties.source.ConfigurationPropertySourcesPropertySource] to AOP Proxy
23:03:45.720 [Test worker] INFO  com.ulisesbocchio.jasyptspringboot.EncryptablePropertySourceConverter - Converting PropertySource Inlined Test Properties [org.springframework.core.env.MapPropertySource] to EncryptableMapPropertySourceWrapper
23:03:45.721 [Test worker] INFO  com.ulisesbocchio.jasyptspringboot.EncryptablePropertySourceConverter - Converting PropertySource systemProperties [org.springframework.core.env.MapPropertySource] to EncryptableMapPropertySourceWrapper
23:03:45.721 [Test worker] INFO  com.ulisesbocchio.jasyptspringboot.EncryptablePropertySourceConverter - Converting PropertySource systemEnvironment [org.springframework.boot.env.SystemEnvironmentPropertySourceEnvironmentPostProcessor$OriginAwareSystemEnvironmentPropertySource] to EncryptableSystemEnvironmentPropertySourceWrapper
23:03:45.722 [Test worker] INFO  com.ulisesbocchio.jasyptspringboot.EncryptablePropertySourceConverter - Converting PropertySource random [org.springframework.boot.env.RandomValuePropertySource] to EncryptablePropertySourceWrapper
23:03:45.722 [Test worker] INFO  com.ulisesbocchio.jasyptspringboot.EncryptablePropertySourceConverter - Converting PropertySource applicationConfig: [classpath:/application-dev.yml] [org.springframework.boot.env.OriginTrackedMapPropertySource] to EncryptableMapPropertySourceWrapper
23:03:45.724 [Test worker] INFO  com.ulisesbocchio.jasyptspringboot.EncryptablePropertySourceConverter - Converting PropertySource applicationConfig: [classpath:/application.yml] [org.springframework.boot.env.OriginTrackedMapPropertySource] to EncryptableMapPropertySourceWrapper
23:03:45.763 [Test worker] INFO  com.ulisesbocchio.jasyptspringboot.filter.DefaultLazyPropertyFilter - Property Filter custom Bean not found with name 'encryptablePropertyFilter'. Initializing Default Property Filter
23:03:45.921 [Test worker] INFO  org.springframework.context.support.PostProcessorRegistrationDelegate$BeanPostProcessorChecker - Bean 'org.springframework.transaction.annotation.ProxyTransactionManagementConfiguration' of type [org.springframework.transaction.annotation.ProxyTransactionManagementConfiguration$$EnhancerBySpringCGLIB$$a5786119] is not eligible for getting processed by all BeanPostProcessors (for example: not eligible for auto-proxying)
23:03:46.092 [Test worker] INFO  com.ulisesbocchio.jasyptspringboot.resolver.DefaultLazyPropertyResolver - Property Resolver custom Bean not found with name 'encryptablePropertyResolver'. Initializing Default Property Resolver
23:03:46.098 [Test worker] INFO  com.ulisesbocchio.jasyptspringboot.detector.DefaultLazyPropertyDetector - Property Detector custom Bean not found with name 'encryptablePropertyDetector'. Initializing Default Property Detector
23:03:46.102 [Test worker] INFO  com.ulisesbocchio.jasyptspringboot.encryptor.DefaultLazyEncryptor - String Encryptor custom Bean not found with name 'jasyptStringEncryptor'. Initializing Default String Encryptor
23:03:46.119 [Test worker] INFO  com.ulisesbocchio.jasyptspringboot.encryptor.DefaultLazyEncryptor - Encryptor config not found for property jasypt.encryptor.algorithm, using default value: PBEWithMD5AndDES
23:03:46.120 [Test worker] INFO  com.ulisesbocchio.jasyptspringboot.encryptor.DefaultLazyEncryptor - Encryptor config not found for property jasypt.encryptor.key-obtention-iterations, using default value: 1000
23:03:46.124 [Test worker] INFO  com.ulisesbocchio.jasyptspringboot.encryptor.DefaultLazyEncryptor - Encryptor config not found for property jasypt.encryptor.pool-size, using default value: 1
23:03:46.124 [Test worker] INFO  com.ulisesbocchio.jasyptspringboot.encryptor.DefaultLazyEncryptor - Encryptor config not found for property jasypt.encryptor.provider-name, using default value: null
23:03:46.134 [Test worker] INFO  com.ulisesbocchio.jasyptspringboot.encryptor.DefaultLazyEncryptor - Encryptor config not found for property jasypt.encryptor.provider-class-name, using default value: null
23:03:46.136 [Test worker] INFO  com.ulisesbocchio.jasyptspringboot.encryptor.DefaultLazyEncryptor - Encryptor config not found for property jasypt.encryptor.salt-generator-classname, using default value: org.jasypt.salt.RandomSaltGenerator
23:03:46.145 [Test worker] INFO  com.ulisesbocchio.jasyptspringboot.encryptor.DefaultLazyEncryptor - Encryptor config not found for property jasypt.encryptor.iv-generator-classname, using default value: org.jasypt.iv.NoIvGenerator
23:03:46.147 [Test worker] INFO  com.ulisesbocchio.jasyptspringboot.encryptor.DefaultLazyEncryptor - Encryptor config not found for property jasypt.encryptor.string-output-type, using default value: base64
23:03:46.585 [Test worker] INFO  com.zaxxer.hikari.HikariDataSource - SomeThingHikariCP - Starting...
23:03:46.802 [Test worker] INFO  com.zaxxer.hikari.HikariDataSource - SomeThingHikariCP - Start completed.
23:03:46.979 [Test worker] INFO  org.hibernate.jpa.internal.util.LogHelper - HHH000204: Processing PersistenceUnitInfo [
	name: default
	...]
23:03:47.127 [Test worker] INFO  org.hibernate.Version - HHH000412: Hibernate Core {5.3.7.Final}
23:03:47.129 [Test worker] INFO  org.hibernate.cfg.Environment - HHH000206: hibernate.properties not found
23:03:47.522 [Test worker] INFO  org.hibernate.annotations.common.Version - HCANN000001: Hibernate Commons Annotations {5.0.4.Final}
23:03:47.755 [Test worker] INFO  org.hibernate.dialect.Dialect - HHH000400: Using dialect: org.hibernate.dialect.MySQL5Dialect
23:03:48.054 [Test worker] INFO  org.springframework.orm.jpa.LocalContainerEntityManagerFactoryBean - Initialized JPA EntityManagerFactory for persistence unit 'default'
23:03:50.777 [Test worker] INFO  springfox.documentation.spring.web.PropertySourcedRequestMappingHandlerMapping - Mapped URL path [/v2/api-docs] onto method [public org.springframework.http.ResponseEntity<springfox.documentation.spring.web.json.Json> springfox.documentation.swagger2.web.Swagger2Controller.getDocumentation(java.lang.String,javax.servlet.http.HttpServletRequest)]
23:03:51.482 [Test worker] INFO  tk.mybatis.mapper.autoconfigure.MapperCacheDisabler - Clear tk.mybatis.mapper.util.MsUtil CLASS_CACHE cache.
23:03:51.484 [Test worker] INFO  tk.mybatis.mapper.autoconfigure.MapperCacheDisabler - Clear tk.mybatis.mapper.genid.GenIdUtil CACHE cache.
23:03:51.485 [Test worker] INFO  tk.mybatis.mapper.autoconfigure.MapperCacheDisabler - Clear tk.mybatis.mapper.version.VersionUtil CACHE cache.
23:03:51.486 [Test worker] INFO  tk.mybatis.mapper.autoconfigure.MapperCacheDisabler - Clear EntityHelper entityTableMap cache.
23:03:51.573 [Test worker] WARN  org.springframework.boot.autoconfigure.orm.jpa.JpaBaseConfiguration$JpaWebConfiguration$JpaWebMvcConfiguration - spring.jpa.open-in-view is enabled by default. Therefore, database queries may be performed during view rendering. Explicitly configure spring.jpa.open-in-view to disable this warning
23:03:52.426 [Test worker] INFO  springfox.documentation.spring.web.plugins.DocumentationPluginsBootstrapper - Context refreshed
23:03:52.474 [Test worker] INFO  springfox.documentation.spring.web.plugins.DocumentationPluginsBootstrapper - Found 1 custom documentation plugin(s)
23:03:52.523 [Test worker] INFO  springfox.documentation.spring.web.scanners.ApiListingReferenceScanner - Scanning for api listing references
23:03:52.777 [Test worker] INFO  springfox.documentation.spring.web.readers.operation.CachingOperationNameGenerator - Generating unique operation named: deleteUsingPOST_1
23:03:52.780 [Test worker] INFO  springfox.documentation.spring.web.readers.operation.CachingOperationNameGenerator - Generating unique operation named: insertUsingPOST_1
23:03:52.784 [Test worker] INFO  springfox.documentation.spring.web.readers.operation.CachingOperationNameGenerator - Generating unique operation named: selectAllUsingGET_1
23:03:52.787 [Test worker] INFO  springfox.documentation.spring.web.readers.operation.CachingOperationNameGenerator - Generating unique operation named: selectOneUsingGET_1
23:03:52.789 [Test worker] INFO  springfox.documentation.spring.web.readers.operation.CachingOperationNameGenerator - Generating unique operation named: updateUsingPOST_1
23:03:52.798 [Test worker] INFO  springfox.documentation.spring.web.readers.operation.CachingOperationNameGenerator - Generating unique operation named: deleteUsingPOST_2
23:03:52.801 [Test worker] INFO  springfox.documentation.spring.web.readers.operation.CachingOperationNameGenerator - Generating unique operation named: insertUsingPOST_2
23:03:52.804 [Test worker] INFO  springfox.documentation.spring.web.readers.operation.CachingOperationNameGenerator - Generating unique operation named: selectAllUsingGET_2
23:03:52.807 [Test worker] INFO  springfox.documentation.spring.web.readers.operation.CachingOperationNameGenerator - Generating unique operation named: selectOneUsingGET_2
23:03:52.809 [Test worker] INFO  springfox.documentation.spring.web.readers.operation.CachingOperationNameGenerator - Generating unique operation named: updateUsingPOST_2
23:03:52.818 [Test worker] INFO  springfox.documentation.spring.web.readers.operation.CachingOperationNameGenerator - Generating unique operation named: deleteUsingPOST_3
23:03:52.821 [Test worker] INFO  springfox.documentation.spring.web.readers.operation.CachingOperationNameGenerator - Generating unique operation named: insertUsingPOST_3
23:03:52.823 [Test worker] INFO  springfox.documentation.spring.web.readers.operation.CachingOperationNameGenerator - Generating unique operation named: selectAllUsingGET_3
23:03:52.826 [Test worker] INFO  springfox.documentation.spring.web.readers.operation.CachingOperationNameGenerator - Generating unique operation named: selectOneUsingGET_3
23:03:52.827 [Test worker] INFO  springfox.documentation.spring.web.readers.operation.CachingOperationNameGenerator - Generating unique operation named: updateUsingPOST_3
23:03:52.836 [Test worker] INFO  springfox.documentation.spring.web.readers.operation.CachingOperationNameGenerator - Generating unique operation named: deleteUsingPOST_4
23:03:52.841 [Test worker] INFO  springfox.documentation.spring.web.readers.operation.CachingOperationNameGenerator - Generating unique operation named: selectAllUsingGET_4
23:03:52.847 [Test worker] INFO  springfox.documentation.spring.web.readers.operation.CachingOperationNameGenerator - Generating unique operation named: selectOneUsingGET_4
23:03:52.849 [Test worker] INFO  springfox.documentation.spring.web.readers.operation.CachingOperationNameGenerator - Generating unique operation named: selectPageUsingGET_1
23:03:52.859 [Test worker] INFO  springfox.documentation.spring.web.readers.operation.CachingOperationNameGenerator - Generating unique operation named: deleteUsingPOST_5
23:03:52.863 [Test worker] INFO  springfox.documentation.spring.web.readers.operation.CachingOperationNameGenerator - Generating unique operation named: insertUsingPOST_4
23:03:52.867 [Test worker] INFO  springfox.documentation.spring.web.readers.operation.CachingOperationNameGenerator - Generating unique operation named: selectAllUsingGET_5
23:03:52.870 [Test worker] INFO  springfox.documentation.spring.web.readers.operation.CachingOperationNameGenerator - Generating unique operation named: selectOneUsingGET_5
23:03:52.872 [Test worker] INFO  springfox.documentation.spring.web.readers.operation.CachingOperationNameGenerator - Generating unique operation named: selectPageUsingGET_2
23:03:52.874 [Test worker] INFO  springfox.documentation.spring.web.readers.operation.CachingOperationNameGenerator - Generating unique operation named: updateUsingPOST_4
23:03:52.880 [Test worker] INFO  springfox.documentation.spring.web.readers.operation.CachingOperationNameGenerator - Generating unique operation named: selectAllUsingGET_6
23:03:52.895 [Test worker] INFO  springfox.documentation.spring.web.readers.operation.CachingOperationNameGenerator - Generating unique operation named: deleteUsingPOST_6
23:03:52.898 [Test worker] INFO  springfox.documentation.spring.web.readers.operation.CachingOperationNameGenerator - Generating unique operation named: insertUsingPOST_5
23:03:52.903 [Test worker] INFO  springfox.documentation.spring.web.readers.operation.CachingOperationNameGenerator - Generating unique operation named: insertForWxUsingPOST_1
23:03:52.905 [Test worker] INFO  springfox.documentation.spring.web.readers.operation.CachingOperationNameGenerator - Generating unique operation named: selectOneUsingGET_6
23:03:52.911 [Test worker] INFO  springfox.documentation.spring.web.readers.operation.CachingOperationNameGenerator - Generating unique operation named: selectPageUsingGET_3
23:03:52.913 [Test worker] INFO  springfox.documentation.spring.web.readers.operation.CachingOperationNameGenerator - Generating unique operation named: updateUsingPOST_5
23:03:52.920 [Test worker] INFO  springfox.documentation.spring.web.readers.operation.CachingOperationNameGenerator - Generating unique operation named: selectAllUsingGET_7
23:03:52.923 [Test worker] INFO  springfox.documentation.spring.web.readers.operation.CachingOperationNameGenerator - Generating unique operation named: selectPageUsingGET_4
23:03:52.928 [Test worker] INFO  springfox.documentation.spring.web.readers.operation.CachingOperationNameGenerator - Generating unique operation named: deleteUsingPOST_7
23:03:52.932 [Test worker] INFO  springfox.documentation.spring.web.readers.operation.CachingOperationNameGenerator - Generating unique operation named: insertUsingPOST_6
23:03:52.934 [Test worker] INFO  springfox.documentation.spring.web.readers.operation.CachingOperationNameGenerator - Generating unique operation named: selectAllUsingGET_8
23:03:52.937 [Test worker] INFO  springfox.documentation.spring.web.readers.operation.CachingOperationNameGenerator - Generating unique operation named: updateUsingPOST_6
23:03:52.948 [Test worker] INFO  springfox.documentation.spring.web.readers.operation.CachingOperationNameGenerator - Generating unique operation named: deleteUsingPOST_8
23:03:52.950 [Test worker] INFO  springfox.documentation.spring.web.readers.operation.CachingOperationNameGenerator - Generating unique operation named: insertUsingPOST_7
23:03:52.960 [Test worker] INFO  springfox.documentation.spring.web.readers.operation.CachingOperationNameGenerator - Generating unique operation named: selectAllUsingGET_9
23:03:52.963 [Test worker] INFO  springfox.documentation.spring.web.readers.operation.CachingOperationNameGenerator - Generating unique operation named: selectOneUsingGET_7
23:03:52.965 [Test worker] INFO  springfox.documentation.spring.web.readers.operation.CachingOperationNameGenerator - Generating unique operation named: selectPageUsingGET_5
23:03:52.967 [Test worker] INFO  springfox.documentation.spring.web.readers.operation.CachingOperationNameGenerator - Generating unique operation named: updateUsingPOST_7
23:03:52.974 [Test worker] INFO  springfox.documentation.spring.web.readers.operation.CachingOperationNameGenerator - Generating unique operation named: deleteUsingPOST_9
23:03:52.975 [Test worker] INFO  springfox.documentation.spring.web.readers.operation.CachingOperationNameGenerator - Generating unique operation named: insertUsingPOST_8
23:03:52.978 [Test worker] INFO  springfox.documentation.spring.web.readers.operation.CachingOperationNameGenerator - Generating unique operation named: selectAllUsingGET_10
23:03:52.983 [Test worker] INFO  springfox.documentation.spring.web.readers.operation.CachingOperationNameGenerator - Generating unique operation named: selectOneUsingGET_8
23:03:52.988 [Test worker] INFO  springfox.documentation.spring.web.readers.operation.CachingOperationNameGenerator - Generating unique operation named: updateUsingPOST_8
23:03:52.993 [Test worker] INFO  springfox.documentation.spring.web.readers.operation.CachingOperationNameGenerator - Generating unique operation named: deleteUsingPOST_10
23:03:52.995 [Test worker] INFO  springfox.documentation.spring.web.readers.operation.CachingOperationNameGenerator - Generating unique operation named: insertUsingPOST_9
23:03:52.996 [Test worker] INFO  springfox.documentation.spring.web.readers.operation.CachingOperationNameGenerator - Generating unique operation named: selectAllUsingGET_11
23:03:52.999 [Test worker] INFO  springfox.documentation.spring.web.readers.operation.CachingOperationNameGenerator - Generating unique operation named: selectOneUsingGET_9
23:03:53.004 [Test worker] INFO  springfox.documentation.spring.web.readers.operation.CachingOperationNameGenerator - Generating unique operation named: updateUsingPOST_9
23:03:53.009 [Test worker] INFO  springfox.documentation.spring.web.readers.operation.CachingOperationNameGenerator - Generating unique operation named: deleteUsingPOST_11
23:03:53.011 [Test worker] INFO  springfox.documentation.spring.web.readers.operation.CachingOperationNameGenerator - Generating unique operation named: insertUsingPOST_10
23:03:53.013 [Test worker] INFO  springfox.documentation.spring.web.readers.operation.CachingOperationNameGenerator - Generating unique operation named: selectAllUsingGET_12
23:03:53.015 [Test worker] INFO  springfox.documentation.spring.web.readers.operation.CachingOperationNameGenerator - Generating unique operation named: selectOneUsingGET_10
23:03:53.019 [Test worker] INFO  springfox.documentation.spring.web.readers.operation.CachingOperationNameGenerator - Generating unique operation named: updateUsingPOST_10
23:03:53.024 [Test worker] INFO  springfox.documentation.spring.web.readers.operation.CachingOperationNameGenerator - Generating unique operation named: deleteUsingPOST_12
23:03:53.026 [Test worker] INFO  springfox.documentation.spring.web.readers.operation.CachingOperationNameGenerator - Generating unique operation named: insertUsingPOST_11
23:03:53.029 [Test worker] INFO  springfox.documentation.spring.web.readers.operation.CachingOperationNameGenerator - Generating unique operation named: selectAllUsingGET_13
23:03:53.031 [Test worker] INFO  springfox.documentation.spring.web.readers.operation.CachingOperationNameGenerator - Generating unique operation named: selectOneUsingGET_11
23:03:53.034 [Test worker] INFO  springfox.documentation.spring.web.readers.operation.CachingOperationNameGenerator - Generating unique operation named: updateUsingPOST_11
23:03:53.040 [Test worker] INFO  springfox.documentation.spring.web.readers.operation.CachingOperationNameGenerator - Generating unique operation named: deleteUsingPOST_13
23:03:53.041 [Test worker] INFO  springfox.documentation.spring.web.readers.operation.CachingOperationNameGenerator - Generating unique operation named: insertUsingPOST_12
23:03:53.043 [Test worker] INFO  springfox.documentation.spring.web.readers.operation.CachingOperationNameGenerator - Generating unique operation named: selectAllUsingGET_14
23:03:53.045 [Test worker] INFO  springfox.documentation.spring.web.readers.operation.CachingOperationNameGenerator - Generating unique operation named: selectOneUsingGET_12
23:03:53.049 [Test worker] INFO  springfox.documentation.spring.web.readers.operation.CachingOperationNameGenerator - Generating unique operation named: updateUsingPOST_12
23:03:53.056 [Test worker] INFO  springfox.documentation.spring.web.readers.operation.CachingOperationNameGenerator - Generating unique operation named: deleteUsingPOST_14
23:03:53.057 [Test worker] INFO  springfox.documentation.spring.web.readers.operation.CachingOperationNameGenerator - Generating unique operation named: insertUsingPOST_13
23:03:53.059 [Test worker] INFO  springfox.documentation.spring.web.readers.operation.CachingOperationNameGenerator - Generating unique operation named: selectAllUsingGET_15
23:03:53.062 [Test worker] INFO  springfox.documentation.spring.web.readers.operation.CachingOperationNameGenerator - Generating unique operation named: selectOneUsingGET_13
23:03:53.065 [Test worker] INFO  springfox.documentation.spring.web.readers.operation.CachingOperationNameGenerator - Generating unique operation named: selectPageUsingGET_6
23:03:53.066 [Test worker] INFO  springfox.documentation.spring.web.readers.operation.CachingOperationNameGenerator - Generating unique operation named: updateUsingPOST_13
23:03:53.071 [Test worker] INFO  springfox.documentation.spring.web.readers.operation.CachingOperationNameGenerator - Generating unique operation named: deleteUsingPOST_15
23:03:53.073 [Test worker] INFO  springfox.documentation.spring.web.readers.operation.CachingOperationNameGenerator - Generating unique operation named: insertUsingPOST_14
23:03:53.074 [Test worker] INFO  springfox.documentation.spring.web.readers.operation.CachingOperationNameGenerator - Generating unique operation named: selectAllUsingGET_16
23:03:53.076 [Test worker] INFO  springfox.documentation.spring.web.readers.operation.CachingOperationNameGenerator - Generating unique operation named: selectOneUsingGET_14
23:03:53.078 [Test worker] INFO  springfox.documentation.spring.web.readers.operation.CachingOperationNameGenerator - Generating unique operation named: selectPageUsingGET_7
23:03:53.081 [Test worker] INFO  springfox.documentation.spring.web.readers.operation.CachingOperationNameGenerator - Generating unique operation named: updateUsingPOST_14
23:03:53.109 [Test worker] INFO  com.sk.web.EncryptTest - Started EncryptTest in 10.227 seconds (JVM running for 12.25)
username:+G5xs8pnVMCRbSVH8qP3tQ==
password:JyCly1UN9yh6wEkYPgOwKQ==
password1:vxZHqZAWFiHMA5WfNiHV4b1bRhttNEkY
]]></system-out>
  <system-err><![CDATA[]]></system-err>
</testsuite>
