<?xml version="1.0" encoding="UTF-8"?>
<testsuite name="com.sk.web.EncryptTest" tests="1" skipped="0" failures="0" errors="0" timestamp="2021-07-17T15:21:32" hostname="DESKTOP-F6M0QCO" time="0.122">
  <properties/>
  <testcase name="contextLoads" classname="com.sk.web.EncryptTest" time="0.122"/>
  <system-out><![CDATA[23:21:21.372 [Test worker] INFO  org.springframework.boot.test.context.SpringBootTestContextBootstrapper - Neither @ContextConfiguration nor @ContextHierarchy found for test class [com.sk.web.EncryptTest], using SpringBootContextLoader
23:21:21.386 [Test worker] INFO  org.springframework.test.context.support.AbstractContextLoader - Could not detect default resource locations for test class [com.sk.web.EncryptTest]: no resource found for suffixes {-context.xml, Context.groovy}.
23:21:21.409 [Test worker] INFO  org.springframework.test.context.support.AnnotationConfigContextLoaderUtils - Could not detect default configuration classes for test class [com.sk.web.EncryptTest]: EncryptTest does not declare any static, non-private, non-final, nested classes annotated with @Configuration.
23:21:21.613 [Test worker] INFO  org.springframework.boot.test.context.SpringBootTestContextBootstrapper - Found @SpringBootConfiguration com.sk.ServerSpringbootApplication for test class com.sk.web.EncryptTest
23:21:21.735 [Test worker] INFO  org.springframework.boot.test.context.SpringBootTestContextBootstrapper - Loaded default TestExecutionListener class names from location [META-INF/spring.factories]: [org.springframework.boot.test.autoconfigure.restdocs.RestDocsTestExecutionListener, org.springframework.boot.test.autoconfigure.web.client.MockRestServiceServerResetTestExecutionListener, org.springframework.boot.test.autoconfigure.web.servlet.MockMvcPrintOnlyOnFailureTestExecutionListener, org.springframework.boot.test.autoconfigure.web.servlet.WebDriverTestExecutionListener, org.springframework.boot.test.mock.mockito.MockitoTestExecutionListener, org.springframework.boot.test.mock.mockito.ResetMocksTestExecutionListener, org.springframework.test.context.web.ServletTestExecutionListener, org.springframework.test.context.support.DirtiesContextBeforeModesTestExecutionListener, org.springframework.test.context.support.DependencyInjectionTestExecutionListener, org.springframework.test.context.support.DirtiesContextTestExecutionListener, org.springframework.test.context.transaction.TransactionalTestExecutionListener, org.springframework.test.context.jdbc.SqlScriptsTestExecutionListener]
23:21:21.758 [Test worker] INFO  org.springframework.boot.test.context.SpringBootTestContextBootstrapper - Using TestExecutionListeners: [org.springframework.test.context.web.ServletTestExecutionListener@734ab6a0, org.springframework.test.context.support.DirtiesContextBeforeModesTestExecutionListener@5d1741da, org.springframework.boot.test.mock.mockito.MockitoTestExecutionListener@748196df, org.springframework.boot.test.autoconfigure.SpringBootDependencyInjectionTestExecutionListener@5b995b16, org.springframework.test.context.support.DirtiesContextTestExecutionListener@7d400973, org.springframework.test.context.transaction.TransactionalTestExecutionListener@1a3e9e90, org.springframework.test.context.jdbc.SqlScriptsTestExecutionListener@6271d466, org.springframework.boot.test.autoconfigure.restdocs.RestDocsTestExecutionListener@732162d5, org.springframework.boot.test.autoconfigure.web.client.MockRestServiceServerResetTestExecutionListener@ed7e653, org.springframework.boot.test.autoconfigure.web.servlet.MockMvcPrintOnlyOnFailureTestExecutionListener@60733307, org.springframework.boot.test.autoconfigure.web.servlet.WebDriverTestExecutionListener@ccd098b, org.springframework.boot.test.mock.mockito.ResetMocksTestExecutionListener@7402f50d]

  .   ____          _            __ _ _
 /\\ / ___'_ __ _ _(_)_ __  __ _ \ \ \ \
( ( )\___ | '_ | '_| | '_ \/ _` | \ \ \ \
 \\/  ___)| |_)| | | | | || (_| |  ) ) ) )
  '  |____| .__|_| |_|_| |_\__, | / / / /
 =========|_|==============|___/=/_/_/_/
 :: Spring Boot ::        (v2.1.2.RELEASE)

23:21:22.340 [Test worker] INFO  com.sk.web.EncryptTest - Starting EncryptTest on DESKTOP-F6M0QCO with PID 17204 (started by jinsh in D:\work\stone\api-server\api-web)
23:21:22.341 [Test worker] INFO  com.sk.web.EncryptTest - The following profiles are active: dev
23:21:24.811 [Test worker] WARN  org.mybatis.spring.mapper.ClassPathMapperScanner - No MyBatis mapper was found in '[com.sk]' package. Please check your configuration.
23:21:24.903 [Test worker] INFO  org.springframework.data.repository.config.RepositoryConfigurationDelegate - Bootstrapping Spring Data repositories in DEFAULT mode.
23:21:24.999 [Test worker] INFO  org.springframework.data.repository.config.RepositoryConfigurationDelegate - Finished Spring Data repository scanning in 79ms. Found 0 repository interfaces.
23:21:25.578 [Test worker] INFO  com.ulisesbocchio.jasyptspringboot.configuration.EnableEncryptablePropertiesBeanFactoryPostProcessor - Post-processing PropertySource instances
23:21:25.703 [Test worker] INFO  com.ulisesbocchio.jasyptspringboot.EncryptablePropertySourceConverter - Converting PropertySource configurationProperties [org.springframework.boot.context.properties.source.ConfigurationPropertySourcesPropertySource] to AOP Proxy
23:21:25.703 [Test worker] INFO  com.ulisesbocchio.jasyptspringboot.EncryptablePropertySourceConverter - Converting PropertySource Inlined Test Properties [org.springframework.core.env.MapPropertySource] to EncryptableMapPropertySourceWrapper
23:21:25.704 [Test worker] INFO  com.ulisesbocchio.jasyptspringboot.EncryptablePropertySourceConverter - Converting PropertySource systemProperties [org.springframework.core.env.MapPropertySource] to EncryptableMapPropertySourceWrapper
23:21:25.704 [Test worker] INFO  com.ulisesbocchio.jasyptspringboot.EncryptablePropertySourceConverter - Converting PropertySource systemEnvironment [org.springframework.boot.env.SystemEnvironmentPropertySourceEnvironmentPostProcessor$OriginAwareSystemEnvironmentPropertySource] to EncryptableSystemEnvironmentPropertySourceWrapper
23:21:25.704 [Test worker] INFO  com.ulisesbocchio.jasyptspringboot.EncryptablePropertySourceConverter - Converting PropertySource random [org.springframework.boot.env.RandomValuePropertySource] to EncryptablePropertySourceWrapper
23:21:25.706 [Test worker] INFO  com.ulisesbocchio.jasyptspringboot.EncryptablePropertySourceConverter - Converting PropertySource applicationConfig: [classpath:/application-dev.yml] [org.springframework.boot.env.OriginTrackedMapPropertySource] to EncryptableMapPropertySourceWrapper
23:21:25.707 [Test worker] INFO  com.ulisesbocchio.jasyptspringboot.EncryptablePropertySourceConverter - Converting PropertySource applicationConfig: [classpath:/application.yml] [org.springframework.boot.env.OriginTrackedMapPropertySource] to EncryptableMapPropertySourceWrapper
23:21:25.793 [Test worker] INFO  com.ulisesbocchio.jasyptspringboot.filter.DefaultLazyPropertyFilter - Property Filter custom Bean not found with name 'encryptablePropertyFilter'. Initializing Default Property Filter
23:21:25.918 [Test worker] INFO  org.springframework.context.support.PostProcessorRegistrationDelegate$BeanPostProcessorChecker - Bean 'org.springframework.transaction.annotation.ProxyTransactionManagementConfiguration' of type [org.springframework.transaction.annotation.ProxyTransactionManagementConfiguration$$EnhancerBySpringCGLIB$$7d12c3fa] is not eligible for getting processed by all BeanPostProcessors (for example: not eligible for auto-proxying)
23:21:26.070 [Test worker] INFO  com.ulisesbocchio.jasyptspringboot.resolver.DefaultLazyPropertyResolver - Property Resolver custom Bean not found with name 'encryptablePropertyResolver'. Initializing Default Property Resolver
23:21:26.077 [Test worker] INFO  com.ulisesbocchio.jasyptspringboot.detector.DefaultLazyPropertyDetector - Property Detector custom Bean not found with name 'encryptablePropertyDetector'. Initializing Default Property Detector
23:21:26.081 [Test worker] INFO  com.ulisesbocchio.jasyptspringboot.encryptor.DefaultLazyEncryptor - String Encryptor custom Bean not found with name 'jasyptStringEncryptor'. Initializing Default String Encryptor
23:21:26.102 [Test worker] INFO  com.ulisesbocchio.jasyptspringboot.encryptor.DefaultLazyEncryptor - Encryptor config not found for property jasypt.encryptor.algorithm, using default value: PBEWithMD5AndDES
23:21:26.103 [Test worker] INFO  com.ulisesbocchio.jasyptspringboot.encryptor.DefaultLazyEncryptor - Encryptor config not found for property jasypt.encryptor.key-obtention-iterations, using default value: 1000
23:21:26.110 [Test worker] INFO  com.ulisesbocchio.jasyptspringboot.encryptor.DefaultLazyEncryptor - Encryptor config not found for property jasypt.encryptor.pool-size, using default value: 1
23:21:26.111 [Test worker] INFO  com.ulisesbocchio.jasyptspringboot.encryptor.DefaultLazyEncryptor - Encryptor config not found for property jasypt.encryptor.provider-name, using default value: null
23:21:26.118 [Test worker] INFO  com.ulisesbocchio.jasyptspringboot.encryptor.DefaultLazyEncryptor - Encryptor config not found for property jasypt.encryptor.provider-class-name, using default value: null
23:21:26.120 [Test worker] INFO  com.ulisesbocchio.jasyptspringboot.encryptor.DefaultLazyEncryptor - Encryptor config not found for property jasypt.encryptor.salt-generator-classname, using default value: org.jasypt.salt.RandomSaltGenerator
23:21:26.126 [Test worker] INFO  com.ulisesbocchio.jasyptspringboot.encryptor.DefaultLazyEncryptor - Encryptor config not found for property jasypt.encryptor.iv-generator-classname, using default value: org.jasypt.iv.NoIvGenerator
23:21:26.129 [Test worker] INFO  com.ulisesbocchio.jasyptspringboot.encryptor.DefaultLazyEncryptor - Encryptor config not found for property jasypt.encryptor.string-output-type, using default value: base64
23:21:26.566 [Test worker] INFO  com.zaxxer.hikari.HikariDataSource - SomeThingHikariCP - Starting...
23:21:26.768 [Test worker] INFO  com.zaxxer.hikari.HikariDataSource - SomeThingHikariCP - Start completed.
23:21:26.888 [Test worker] INFO  org.hibernate.jpa.internal.util.LogHelper - HHH000204: Processing PersistenceUnitInfo [
	name: default
	...]
23:21:27.010 [Test worker] INFO  org.hibernate.Version - HHH000412: Hibernate Core {5.3.7.Final}
23:21:27.012 [Test worker] INFO  org.hibernate.cfg.Environment - HHH000206: hibernate.properties not found
23:21:27.409 [Test worker] INFO  org.hibernate.annotations.common.Version - HCANN000001: Hibernate Commons Annotations {5.0.4.Final}
23:21:27.811 [Test worker] INFO  org.hibernate.dialect.Dialect - HHH000400: Using dialect: org.hibernate.dialect.MySQL5Dialect
23:21:28.162 [Test worker] INFO  org.springframework.orm.jpa.LocalContainerEntityManagerFactoryBean - Initialized JPA EntityManagerFactory for persistence unit 'default'
23:21:30.455 [Test worker] INFO  springfox.documentation.spring.web.PropertySourcedRequestMappingHandlerMapping - Mapped URL path [/v2/api-docs] onto method [public org.springframework.http.ResponseEntity<springfox.documentation.spring.web.json.Json> springfox.documentation.swagger2.web.Swagger2Controller.getDocumentation(java.lang.String,javax.servlet.http.HttpServletRequest)]
23:21:31.051 [Test worker] INFO  tk.mybatis.mapper.autoconfigure.MapperCacheDisabler - Clear tk.mybatis.mapper.util.MsUtil CLASS_CACHE cache.
23:21:31.052 [Test worker] INFO  tk.mybatis.mapper.autoconfigure.MapperCacheDisabler - Clear tk.mybatis.mapper.genid.GenIdUtil CACHE cache.
23:21:31.054 [Test worker] INFO  tk.mybatis.mapper.autoconfigure.MapperCacheDisabler - Clear tk.mybatis.mapper.version.VersionUtil CACHE cache.
23:21:31.054 [Test worker] INFO  tk.mybatis.mapper.autoconfigure.MapperCacheDisabler - Clear EntityHelper entityTableMap cache.
23:21:31.150 [Test worker] WARN  org.springframework.boot.autoconfigure.orm.jpa.JpaBaseConfiguration$JpaWebConfiguration$JpaWebMvcConfiguration - spring.jpa.open-in-view is enabled by default. Therefore, database queries may be performed during view rendering. Explicitly configure spring.jpa.open-in-view to disable this warning
23:21:31.820 [Test worker] INFO  springfox.documentation.spring.web.plugins.DocumentationPluginsBootstrapper - Context refreshed
23:21:31.853 [Test worker] INFO  springfox.documentation.spring.web.plugins.DocumentationPluginsBootstrapper - Found 1 custom documentation plugin(s)
23:21:31.894 [Test worker] INFO  springfox.documentation.spring.web.scanners.ApiListingReferenceScanner - Scanning for api listing references
23:21:32.120 [Test worker] INFO  springfox.documentation.spring.web.readers.operation.CachingOperationNameGenerator - Generating unique operation named: deleteUsingPOST_1
23:21:32.124 [Test worker] INFO  springfox.documentation.spring.web.readers.operation.CachingOperationNameGenerator - Generating unique operation named: insertUsingPOST_1
23:21:32.130 [Test worker] INFO  springfox.documentation.spring.web.readers.operation.CachingOperationNameGenerator - Generating unique operation named: selectAllUsingGET_1
23:21:32.133 [Test worker] INFO  springfox.documentation.spring.web.readers.operation.CachingOperationNameGenerator - Generating unique operation named: selectOneUsingGET_1
23:21:32.135 [Test worker] INFO  springfox.documentation.spring.web.readers.operation.CachingOperationNameGenerator - Generating unique operation named: updateUsingPOST_1
23:21:32.142 [Test worker] INFO  springfox.documentation.spring.web.readers.operation.CachingOperationNameGenerator - Generating unique operation named: deleteUsingPOST_2
23:21:32.145 [Test worker] INFO  springfox.documentation.spring.web.readers.operation.CachingOperationNameGenerator - Generating unique operation named: insertUsingPOST_2
23:21:32.148 [Test worker] INFO  springfox.documentation.spring.web.readers.operation.CachingOperationNameGenerator - Generating unique operation named: selectAllUsingGET_2
23:21:32.150 [Test worker] INFO  springfox.documentation.spring.web.readers.operation.CachingOperationNameGenerator - Generating unique operation named: selectOneUsingGET_2
23:21:32.152 [Test worker] INFO  springfox.documentation.spring.web.readers.operation.CachingOperationNameGenerator - Generating unique operation named: updateUsingPOST_2
23:21:32.163 [Test worker] INFO  springfox.documentation.spring.web.readers.operation.CachingOperationNameGenerator - Generating unique operation named: deleteUsingPOST_3
23:21:32.165 [Test worker] INFO  springfox.documentation.spring.web.readers.operation.CachingOperationNameGenerator - Generating unique operation named: insertUsingPOST_3
23:21:32.167 [Test worker] INFO  springfox.documentation.spring.web.readers.operation.CachingOperationNameGenerator - Generating unique operation named: selectAllUsingGET_3
23:21:32.170 [Test worker] INFO  springfox.documentation.spring.web.readers.operation.CachingOperationNameGenerator - Generating unique operation named: selectOneUsingGET_3
23:21:32.172 [Test worker] INFO  springfox.documentation.spring.web.readers.operation.CachingOperationNameGenerator - Generating unique operation named: updateUsingPOST_3
23:21:32.180 [Test worker] INFO  springfox.documentation.spring.web.readers.operation.CachingOperationNameGenerator - Generating unique operation named: deleteUsingPOST_4
23:21:32.185 [Test worker] INFO  springfox.documentation.spring.web.readers.operation.CachingOperationNameGenerator - Generating unique operation named: selectAllUsingGET_4
23:21:32.187 [Test worker] INFO  springfox.documentation.spring.web.readers.operation.CachingOperationNameGenerator - Generating unique operation named: selectOneUsingGET_4
23:21:32.194 [Test worker] INFO  springfox.documentation.spring.web.readers.operation.CachingOperationNameGenerator - Generating unique operation named: selectPageUsingGET_1
23:21:32.220 [Test worker] INFO  springfox.documentation.spring.web.readers.operation.CachingOperationNameGenerator - Generating unique operation named: deleteUsingPOST_5
23:21:32.224 [Test worker] INFO  springfox.documentation.spring.web.readers.operation.CachingOperationNameGenerator - Generating unique operation named: insertUsingPOST_4
23:21:32.227 [Test worker] INFO  springfox.documentation.spring.web.readers.operation.CachingOperationNameGenerator - Generating unique operation named: selectAllUsingGET_5
23:21:32.230 [Test worker] INFO  springfox.documentation.spring.web.readers.operation.CachingOperationNameGenerator - Generating unique operation named: selectOneUsingGET_5
23:21:32.232 [Test worker] INFO  springfox.documentation.spring.web.readers.operation.CachingOperationNameGenerator - Generating unique operation named: selectPageUsingGET_2
23:21:32.235 [Test worker] INFO  springfox.documentation.spring.web.readers.operation.CachingOperationNameGenerator - Generating unique operation named: updateUsingPOST_4
23:21:32.239 [Test worker] INFO  springfox.documentation.spring.web.readers.operation.CachingOperationNameGenerator - Generating unique operation named: selectAllUsingGET_6
23:21:32.246 [Test worker] INFO  springfox.documentation.spring.web.readers.operation.CachingOperationNameGenerator - Generating unique operation named: deleteUsingPOST_6
23:21:32.250 [Test worker] INFO  springfox.documentation.spring.web.readers.operation.CachingOperationNameGenerator - Generating unique operation named: insertUsingPOST_5
23:21:32.255 [Test worker] INFO  springfox.documentation.spring.web.readers.operation.CachingOperationNameGenerator - Generating unique operation named: insertForWxUsingPOST_1
23:21:32.257 [Test worker] INFO  springfox.documentation.spring.web.readers.operation.CachingOperationNameGenerator - Generating unique operation named: selectOneUsingGET_6
23:21:32.262 [Test worker] INFO  springfox.documentation.spring.web.readers.operation.CachingOperationNameGenerator - Generating unique operation named: selectPageUsingGET_3
23:21:32.265 [Test worker] INFO  springfox.documentation.spring.web.readers.operation.CachingOperationNameGenerator - Generating unique operation named: updateUsingPOST_5
23:21:32.270 [Test worker] INFO  springfox.documentation.spring.web.readers.operation.CachingOperationNameGenerator - Generating unique operation named: selectAllUsingGET_7
23:21:32.273 [Test worker] INFO  springfox.documentation.spring.web.readers.operation.CachingOperationNameGenerator - Generating unique operation named: selectPageUsingGET_4
23:21:32.280 [Test worker] INFO  springfox.documentation.spring.web.readers.operation.CachingOperationNameGenerator - Generating unique operation named: deleteUsingPOST_7
23:21:32.287 [Test worker] INFO  springfox.documentation.spring.web.readers.operation.CachingOperationNameGenerator - Generating unique operation named: insertUsingPOST_6
23:21:32.289 [Test worker] INFO  springfox.documentation.spring.web.readers.operation.CachingOperationNameGenerator - Generating unique operation named: selectAllUsingGET_8
23:21:32.292 [Test worker] INFO  springfox.documentation.spring.web.readers.operation.CachingOperationNameGenerator - Generating unique operation named: updateUsingPOST_6
23:21:32.302 [Test worker] INFO  springfox.documentation.spring.web.readers.operation.CachingOperationNameGenerator - Generating unique operation named: deleteUsingPOST_8
23:21:32.304 [Test worker] INFO  springfox.documentation.spring.web.readers.operation.CachingOperationNameGenerator - Generating unique operation named: insertUsingPOST_7
23:21:32.310 [Test worker] INFO  springfox.documentation.spring.web.readers.operation.CachingOperationNameGenerator - Generating unique operation named: selectAllUsingGET_9
23:21:32.312 [Test worker] INFO  springfox.documentation.spring.web.readers.operation.CachingOperationNameGenerator - Generating unique operation named: selectOneUsingGET_7
23:21:32.315 [Test worker] INFO  springfox.documentation.spring.web.readers.operation.CachingOperationNameGenerator - Generating unique operation named: selectPageUsingGET_5
23:21:32.319 [Test worker] INFO  springfox.documentation.spring.web.readers.operation.CachingOperationNameGenerator - Generating unique operation named: updateUsingPOST_7
23:21:32.324 [Test worker] INFO  springfox.documentation.spring.web.readers.operation.CachingOperationNameGenerator - Generating unique operation named: deleteUsingPOST_9
23:21:32.326 [Test worker] INFO  springfox.documentation.spring.web.readers.operation.CachingOperationNameGenerator - Generating unique operation named: insertUsingPOST_8
23:21:32.328 [Test worker] INFO  springfox.documentation.spring.web.readers.operation.CachingOperationNameGenerator - Generating unique operation named: selectAllUsingGET_10
23:21:32.330 [Test worker] INFO  springfox.documentation.spring.web.readers.operation.CachingOperationNameGenerator - Generating unique operation named: selectOneUsingGET_8
23:21:32.335 [Test worker] INFO  springfox.documentation.spring.web.readers.operation.CachingOperationNameGenerator - Generating unique operation named: updateUsingPOST_8
23:21:32.340 [Test worker] INFO  springfox.documentation.spring.web.readers.operation.CachingOperationNameGenerator - Generating unique operation named: deleteUsingPOST_10
23:21:32.342 [Test worker] INFO  springfox.documentation.spring.web.readers.operation.CachingOperationNameGenerator - Generating unique operation named: insertUsingPOST_9
23:21:32.344 [Test worker] INFO  springfox.documentation.spring.web.readers.operation.CachingOperationNameGenerator - Generating unique operation named: selectAllUsingGET_11
23:21:32.346 [Test worker] INFO  springfox.documentation.spring.web.readers.operation.CachingOperationNameGenerator - Generating unique operation named: selectOneUsingGET_9
23:21:32.349 [Test worker] INFO  springfox.documentation.spring.web.readers.operation.CachingOperationNameGenerator - Generating unique operation named: updateUsingPOST_9
23:21:32.355 [Test worker] INFO  springfox.documentation.spring.web.readers.operation.CachingOperationNameGenerator - Generating unique operation named: deleteUsingPOST_11
23:21:32.358 [Test worker] INFO  springfox.documentation.spring.web.readers.operation.CachingOperationNameGenerator - Generating unique operation named: insertUsingPOST_10
23:21:32.359 [Test worker] INFO  springfox.documentation.spring.web.readers.operation.CachingOperationNameGenerator - Generating unique operation named: selectAllUsingGET_12
23:21:32.361 [Test worker] INFO  springfox.documentation.spring.web.readers.operation.CachingOperationNameGenerator - Generating unique operation named: selectOneUsingGET_10
23:21:32.363 [Test worker] INFO  springfox.documentation.spring.web.readers.operation.CachingOperationNameGenerator - Generating unique operation named: updateUsingPOST_10
23:21:32.368 [Test worker] INFO  springfox.documentation.spring.web.readers.operation.CachingOperationNameGenerator - Generating unique operation named: deleteUsingPOST_12
23:21:32.370 [Test worker] INFO  springfox.documentation.spring.web.readers.operation.CachingOperationNameGenerator - Generating unique operation named: insertUsingPOST_11
23:21:32.372 [Test worker] INFO  springfox.documentation.spring.web.readers.operation.CachingOperationNameGenerator - Generating unique operation named: selectAllUsingGET_13
23:21:32.374 [Test worker] INFO  springfox.documentation.spring.web.readers.operation.CachingOperationNameGenerator - Generating unique operation named: selectOneUsingGET_11
23:21:32.376 [Test worker] INFO  springfox.documentation.spring.web.readers.operation.CachingOperationNameGenerator - Generating unique operation named: updateUsingPOST_11
23:21:32.382 [Test worker] INFO  springfox.documentation.spring.web.readers.operation.CachingOperationNameGenerator - Generating unique operation named: deleteUsingPOST_13
23:21:32.384 [Test worker] INFO  springfox.documentation.spring.web.readers.operation.CachingOperationNameGenerator - Generating unique operation named: insertUsingPOST_12
23:21:32.386 [Test worker] INFO  springfox.documentation.spring.web.readers.operation.CachingOperationNameGenerator - Generating unique operation named: selectAllUsingGET_14
23:21:32.389 [Test worker] INFO  springfox.documentation.spring.web.readers.operation.CachingOperationNameGenerator - Generating unique operation named: selectOneUsingGET_12
23:21:32.392 [Test worker] INFO  springfox.documentation.spring.web.readers.operation.CachingOperationNameGenerator - Generating unique operation named: updateUsingPOST_12
23:21:32.399 [Test worker] INFO  springfox.documentation.spring.web.readers.operation.CachingOperationNameGenerator - Generating unique operation named: deleteUsingPOST_14
23:21:32.400 [Test worker] INFO  springfox.documentation.spring.web.readers.operation.CachingOperationNameGenerator - Generating unique operation named: insertUsingPOST_13
23:21:32.402 [Test worker] INFO  springfox.documentation.spring.web.readers.operation.CachingOperationNameGenerator - Generating unique operation named: selectAllUsingGET_15
23:21:32.404 [Test worker] INFO  springfox.documentation.spring.web.readers.operation.CachingOperationNameGenerator - Generating unique operation named: selectOneUsingGET_13
23:21:32.407 [Test worker] INFO  springfox.documentation.spring.web.readers.operation.CachingOperationNameGenerator - Generating unique operation named: selectPageUsingGET_6
23:21:32.409 [Test worker] INFO  springfox.documentation.spring.web.readers.operation.CachingOperationNameGenerator - Generating unique operation named: updateUsingPOST_13
23:21:32.436 [Test worker] INFO  com.sk.web.EncryptTest - Started EncryptTest in 10.636 seconds (JVM running for 12.923)
username:FyT2deSTuER12Epzo1oyNg==
password:FK1x3aohiaOibbjIC1Tizw==
password1:f7xApSHzEzCUHrfSpVNbLOXuZml3Zaws
]]></system-out>
  <system-err><![CDATA[]]></system-err>
</testsuite>
